\BOOKMARK [0][-]{chapter.1}{\376\377\000O\000r\000g\000a\000n\000i\000z\000a\000t\000i\000o\000n}{}% 1
\BOOKMARK [1][-]{section.1.1}{\376\377\000O\000v\000e\000r\000v\000i\000e\000w}{chapter.1}% 2
\BOOKMARK [1][-]{section.1.2}{\376\377\000C\000r\000e\000d\000i\000t\000s}{chapter.1}% 3
\BOOKMARK [0][-]{chapter.2}{\376\377\000I\000n\000t\000r\000o\000d\000u\000c\000t\000i\000o\000n}{}% 4
\BOOKMARK [1][-]{section.2.1}{\376\377\000A\000b\000o\000u\000t\000\040\000t\000h\000i\000s\000\040\000c\000o\000u\000r\000s\000e}{chapter.2}% 5
\BOOKMARK [2][-]{subsection.2.1.1}{\376\377\000A\000b\000o\000u\000t\000\040\000m\000e}{section.2.1}% 6
\BOOKMARK [2][-]{subsection.2.1.2}{\376\377\000F\000o\000c\000u\000s\000\040\000o\000f\000\040\000t\000h\000i\000s\000\040\000c\000o\000u\000r\000s\000e}{section.2.1}% 7
\BOOKMARK [1][-]{section.2.2}{\376\377\000W\000h\000a\000t\000\040\000a\000r\000e\000\040\000M\000u\000s\000i\000c\000a\000l\000\040\000C\000o\000r\000p\000u\000s\000\040\000S\000t\000u\000d\000i\000e\000s\000?}{chapter.2}% 8
\BOOKMARK [1][-]{section.2.3}{\376\377\000E\000p\000i\000s\000t\000e\000m\000o\000l\000o\000g\000i\000c\000a\000l\000\040\000g\000o\000a\000l\000s}{chapter.2}% 9
\BOOKMARK [1][-]{section.2.4}{\376\377\000I\000s\000s\000u\000e\000s}{chapter.2}% 10
\BOOKMARK [1][-]{section.2.5}{\376\377\000M\000C\000S\000\040\000a\000n\000d\000\040\000t\000r\000a\000d\000i\000t\000i\000o\000n\000a\000l\000\040\000m\000u\000s\000i\000c\000o\000l\000o\000g\000y}{chapter.2}% 11
\BOOKMARK [1][-]{section.2.6}{\376\377\000B\000a\000s\000i\000c\000\040\000r\000e\000p\000r\000e\000s\000e\000n\000t\000a\000t\000i\000o\000n\000s}{chapter.2}% 12
\BOOKMARK [0][-]{chapter.3}{\376\377\000F\000o\000l\000k\000\040\000S\000o\000n\000g\000s\000\040\000a\000n\000d\000\040\000t\000h\000e\000\040\000M\000e\000l\000o\000d\000i\000c\000\040\000A\000r\000c}{}% 13
\BOOKMARK [1][-]{section.3.1}{\376\377\000D\000a\000t\000a}{chapter.3}% 14
\BOOKMARK [1][-]{section.3.2}{\376\377\000N\000o\000t\000e\000s\000,\000\040\000P\000i\000t\000c\000h\000\040\000C\000l\000a\000s\000s\000e\000s}{chapter.3}% 15
\BOOKMARK [1][-]{section.3.3}{\376\377\000I\000n\000t\000e\000r\000v\000a\000l\000s}{chapter.3}% 16
\BOOKMARK [0][-]{chapter.4}{\376\377\000S\000o\000l\000o\000s\000\040\000i\000n\000\040\000t\000h\000e\000\040\000W\000e\000i\000m\000a\000r\000\040\000J\000a\000z\000z\000\040\000D\000a\000t\000a\000b\000a\000s\000e}{}% 17
\BOOKMARK [0][-]{chapter.5}{\376\377\000R\000e\000n\000a\000i\000s\000s\000a\000n\000c\000e\000\040\000C\000h\000a\000n\000s\000o\000n\000s\000\040\000a\000n\000d\000\040\000M\000a\000s\000s\000e\000s}{}% 18
\BOOKMARK [0][-]{chapter.6}{\376\377\000H\000a\000r\000m\000o\000n\000y\000\040\000i\000n\000\040\000B\000e\000e\000t\000h\000o\000v\000e\000n\040\031\000s\000\040\000S\000t\000r\000i\000n\000g\000\040\000Q\000u\000a\000r\000t\000e\000t\000s}{}% 19
\BOOKMARK [1][-]{section.6.1}{\376\377\000A\000c\000c\000e\000s\000s\000\040\000t\000h\000e\000\040\000d\000a\000t\000a}{chapter.6}% 20
\BOOKMARK [1][-]{section.6.2}{\376\377\000H\000a\000r\000m\000o\000n\000i\000c\000\040\000A\000n\000n\000o\000t\000a\000t\000i\000o\000n\000s}{chapter.6}% 21
\BOOKMARK [1][-]{section.6.3}{\376\377\000C\000h\000o\000r\000d\000\040\000T\000r\000a\000n\000s\000i\000t\000i\000o\000n\000s}{chapter.6}% 22
\BOOKMARK [0][-]{chapter.7}{\376\377\000H\000a\000r\000m\000o\000n\000i\000c\000\040\000C\000l\000u\000s\000t\000e\000r\000s\000\040\000i\000n\000\040\000P\000o\000p\000\040\000C\000h\000a\000r\000t\000s}{}% 23
\BOOKMARK [1][-]{section.7.1}{\376\377\000T\000h\000e\000\040\000d\000a\000t\000a\000s\000e\000t}{chapter.7}% 24
\BOOKMARK [1][-]{section.7.2}{\376\377\000R\000e\000s\000e\000a\000r\000c\000h\000\040\000q\000u\000e\000s\000t\000i\000o\000n}{chapter.7}% 25
\BOOKMARK [1][-]{section.7.3}{\376\377\000O\000p\000e\000r\000a\000t\000i\000o\000n\000a\000l\000i\000z\000a\000t\000i\000o\000n}{chapter.7}% 26
\BOOKMARK [1][-]{section.7.4}{\376\377\000C\000l\000u\000s\000t\000e\000r\000i\000n\000g}{chapter.7}% 27
\BOOKMARK [2][-]{subsection.7.4.1}{\376\377\000G\000e\000n\000e\000r\000a\000l\000\040\000i\000d\000e\000a}{section.7.4}% 28
\BOOKMARK [2][-]{subsection.7.4.2}{\376\377\000A\000l\000g\000o\000r\000i\000t\000h\000m}{section.7.4}% 29
\BOOKMARK [0][-]{chapter.8}{\376\377\000D\000a\000t\000a\000-\000D\000r\000i\000v\000e\000n\000\040\000M\000u\000s\000i\000c\000\040\000H\000i\000s\000t\000o\000r\000y}{}% 30
\BOOKMARK [1][-]{section.8.1}{\376\377\000R\000e\000s\000e\000a\000r\000c\000h\000\040\000Q\000u\000e\000s\000t\000i\000o\000n\000s}{chapter.8}% 31
\BOOKMARK [1][-]{section.8.2}{\376\377\000A\000\040\000b\000i\000t\000\040\000o\000f\000\040\000t\000h\000e\000o\000r\000y}{chapter.8}% 32
\BOOKMARK [1][-]{section.8.3}{\376\377\000D\000a\000t\000a}{chapter.8}% 33
\BOOKMARK [2][-]{subsection.8.3.1}{\376\377\000A\000\040\000\050\000k\000i\000n\000d\000\040\000o\000f\000\051\000\040\000l\000a\000r\000g\000e\000\040\000c\000o\000r\000p\000u\000s\000:\000\040\000T\000P\0003\000C}{section.8.3}% 34
\BOOKMARK [1][-]{section.8.4}{\376\377\000R\000e\000c\000o\000v\000e\000r\000i\000n\000g\000\040\000t\000h\000e\000\040\000l\000i\000n\000e\000\040\000o\000f\000\040\000f\000i\000f\000t\000h\000s\000\040\000f\000r\000o\000m\000\040\000d\000a\000t\000a}{chapter.8}% 35
\BOOKMARK [1][-]{section.8.5}{\376\377\000H\000i\000s\000t\000o\000r\000i\000c\000a\000l\000\040\000d\000e\000v\000e\000l\000o\000p\000m\000e\000n\000t\000\040\000o\000f\000\040\000t\000o\000n\000a\000l\000i\000t\000y}{chapter.8}% 36
\BOOKMARK [1][-]{section.8.6}{\376\377\000I\000f\000\040\000t\000h\000e\000r\000e\000\040\000i\000s\000\040\000t\000i\000m\000e\000:\000\040\000s\000o\000m\000e\000\040\000m\000o\000r\000e\000\040\000a\000d\000v\000a\000n\000c\000e\000d\000\040\000s\000t\000u\000f\000f}{chapter.8}% 37
\BOOKMARK [1][-]{section.8.7}{\376\377\000S\000u\000m\000m\000a\000r\000y}{chapter.8}% 38
\BOOKMARK [1][-]{section.8.8}{\376\377\000C\000o\000n\000c\000l\000u\000s\000i\000o\000n}{chapter.8}% 39
\BOOKMARK [1][-]{section.8.9}{\376\377\000T\000h\000e\000\040\000e\000n\000d}{chapter.8}% 40
\BOOKMARK [0][-]{chapter.9}{\376\377\000H\000a\000r\000m\000o\000n\000y\000\040\000a\000n\000d\000\040\000F\000o\000r\000m\000\040\000i\000n\000\040\000B\000r\000a\000z\000i\000l\000i\000a\000n\000\040\000C\000h\000o\000r\000o}{}% 41
\BOOKMARK [1][-]{section.9.1}{\376\377\000D\000a\000t\000a}{chapter.9}% 42
\BOOKMARK [0][-]{chapter.10}{\376\377\000A\000\040\000D\000a\000t\000a\000-\000D\000r\000i\000v\000e\000n\000\040\000H\000i\000s\000t\000o\000r\000y\000\040\000o\000f\000\040\000T\000o\000n\000a\000l\000i\000t\000y}{}% 43
\BOOKMARK [1][-]{section.10.1}{\376\377\000M\000u\000s\000i\000c\000a\000l\000\040\000P\000i\000e\000c\000e\000s\000\040\000a\000s\000\040\000T\000o\000n\000a\000l\000\040\000P\000i\000t\000c\000h\000-\000C\000l\000a\000s\000s\000\040\000D\000i\000s\000t\000r\000i\000b\000u\000t\000i\000o\000n\000s}{chapter.10}% 44
\BOOKMARK [2][-]{subsection.10.1.1}{\376\377\000D\000i\000s\000t\000r\000i\000b\000u\000t\000i\000o\000n\000s\000\040\000o\000f\000\040\000T\000P\000C\000s}{section.10.1}% 45
\BOOKMARK [2][-]{subsection.10.1.2}{\376\377\000P\000r\000i\000n\000c\000i\000p\000l\000e\000\040\000C\000o\000m\000p\000o\000n\000e\000n\000t\000\040\000A\000n\000a\000l\000y\000s\000i\000s}{section.10.1}% 46
\BOOKMARK [1][-]{section.10.2}{\376\377\000H\000i\000s\000t\000o\000r\000i\000c\000a\000l\000\040\000D\000e\000v\000e\000l\000o\000p\000m\000e\000n\000t}{chapter.10}% 47
\BOOKMARK [2][-]{subsection.10.2.1}{\376\377\000L\000O\000W\000E\000S\000S}{section.10.2}% 48
\BOOKMARK [0][-]{chapter.11}{\376\377\000M\000a\000l\000i\000a\000n\000\040\000P\000e\000r\000c\000u\000s\000s\000i\000o\000n\000\040\000M\000u\000s\000i\000c}{}% 49
\BOOKMARK [0][-]{chapter.12}{\376\377\000E\000l\000e\000c\000t\000r\000o\000n\000i\000c\000\040\000M\000u\000s\000i\000c\000\040\0001\0009\0005\0000\040\023\0001\0009\0009\0000}{}% 50
\BOOKMARK [0][-]{chapter.13}{\376\377\000C\000o\000n\000c\000l\000u\000s\000i\000o\000n}{}% 51
\BOOKMARK [0][-]{chapter.14}{\376\377\000P\000y\000t\000h\000o\000n\000\040\000B\000a\000s\000i\000c\000s}{}% 52
\BOOKMARK [1][-]{section.14.1}{\376\377\000T\000y\000p\000e\000s}{chapter.14}% 53
\BOOKMARK [1][-]{section.14.2}{\376\377\000L\000i\000s\000t\000s}{chapter.14}% 54
\BOOKMARK [1][-]{section.14.3}{\376\377\000R\000e\000a\000d\000i\000n\000g\000\040\000a\000n\000d\000\040\000s\000a\000v\000i\000n\000g\000\040\000f\000i\000l\000e\000s}{chapter.14}% 55
\BOOKMARK [0][-]{chapter.15}{\376\377\000B\000i\000b\000l\000i\000o\000g\000r\000a\000p\000h\000y}{}% 56
\BOOKMARK [0][-]{chapter*.3}{\376\377\000B\000i\000b\000l\000i\000o\000g\000r\000a\000p\000h\000y}{}% 57
