This is pdfTeX, Version 3.141592653-2.6-1.40.22 (TeX Live 2022/dev/Debian) (preloaded format=pdflatex 2022.1.19)  26 JAN 2022 12:38
entering extended mode
 restricted \write18 enabled.
 %&-line parsing enabled.
**introductiontomusicalcorpusstudies.tex
(./introductiontomusicalcorpusstudies.tex
LaTeX2e <2021-11-15> patch level 1
L3 programming layer <2021-11-22> (./sphinxmanual.cls
Document Class: sphinxmanual 2019/12/01 v2.3.0 Document class (Sphinx manual)
(/usr/share/texlive/texmf-dist/tex/latex/base/report.cls
Document Class: report 2021/10/04 v1.4n Standard LaTeX document class
(/usr/share/texlive/texmf-dist/tex/latex/base/size10.clo
File: size10.clo 2021/10/04 v1.4n Standard LaTeX file (size option)
)
\c@part=\count183
\c@chapter=\count184
\c@section=\count185
\c@subsection=\count186
\c@subsubsection=\count187
\c@paragraph=\count188
\c@subparagraph=\count189
\c@figure=\count190
\c@table=\count191
\abovecaptionskip=\skip47
\belowcaptionskip=\skip48
\bibindent=\dimen138
)
LaTeX Info: Redefining \and on input line 35.
)
(/usr/share/texlive/texmf-dist/tex/latex/base/inputenc.sty
Package: inputenc 2021/02/14 v1.3d Input encoding file
\inpenc@prehook=\toks16
\inpenc@posthook=\toks17
)
   defining Unicode char U+00A0 (decimal 160)
   defining Unicode char U+2500 (decimal 9472)
   defining Unicode char U+2502 (decimal 9474)
   defining Unicode char U+2514 (decimal 9492)
   defining Unicode char U+251C (decimal 9500)
   defining Unicode char U+2572 (decimal 9586)

(/usr/share/texlive/texmf-dist/tex/latex/cmap/cmap.sty
Package: cmap 2021/02/06 v1.0j CMap support: searchable PDF
)
(/usr/share/texlive/texmf-dist/tex/latex/base/fontenc.sty
Package: fontenc 2021/04/29 v2.0v Standard LaTeX package
<<t1.cmap>>)
(/usr/share/texlive/texmf-dist/tex/latex/amsmath/amsmath.sty
Package: amsmath 2021/10/15 v2.17l AMS math features
\@mathmargin=\skip49

For additional information on amsmath, use the `?' option.
(/usr/share/texlive/texmf-dist/tex/latex/amsmath/amstext.sty
Package: amstext 2021/08/26 v2.01 AMS text

(/usr/share/texlive/texmf-dist/tex/latex/amsmath/amsgen.sty
File: amsgen.sty 1999/11/30 v2.0 generic functions
\@emptytoks=\toks18
\ex@=\dimen139
))
(/usr/share/texlive/texmf-dist/tex/latex/amsmath/amsbsy.sty
Package: amsbsy 1999/11/29 v1.2d Bold Symbols
\pmbraise@=\dimen140
)
(/usr/share/texlive/texmf-dist/tex/latex/amsmath/amsopn.sty
Package: amsopn 2021/08/26 v2.02 operator names
)
\inf@bad=\count192
LaTeX Info: Redefining \frac on input line 234.
\uproot@=\count193
\leftroot@=\count194
LaTeX Info: Redefining \overline on input line 399.
\classnum@=\count195
\DOTSCASE@=\count196
LaTeX Info: Redefining \ldots on input line 496.
LaTeX Info: Redefining \dots on input line 499.
LaTeX Info: Redefining \cdots on input line 620.
\Mathstrutbox@=\box50
\strutbox@=\box51
\big@size=\dimen141
LaTeX Font Info:    Redeclaring font encoding OML on input line 743.
LaTeX Font Info:    Redeclaring font encoding OMS on input line 744.
\macc@depth=\count197
\c@MaxMatrixCols=\count198
\dotsspace@=\muskip16
\c@parentequation=\count199
\dspbrk@lvl=\count266
\tag@help=\toks19
\row@=\count267
\column@=\count268
\maxfields@=\count269
\andhelp@=\toks20
\eqnshift@=\dimen142
\alignsep@=\dimen143
\tagshift@=\dimen144
\tagwidth@=\dimen145
\totwidth@=\dimen146
\lineht@=\dimen147
\@envbody=\toks21
\multlinegap=\skip50
\multlinetaggap=\skip51
\mathdisplay@stack=\toks22
LaTeX Info: Redefining \[ on input line 2938.
LaTeX Info: Redefining \] on input line 2939.
)
(/usr/share/texlive/texmf-dist/tex/latex/amsfonts/amssymb.sty
Package: amssymb 2013/01/14 v3.01 AMS font symbols

(/usr/share/texlive/texmf-dist/tex/latex/amsfonts/amsfonts.sty
Package: amsfonts 2013/01/14 v3.01 Basic AMSFonts support
\symAMSa=\mathgroup4
\symAMSb=\mathgroup5
LaTeX Font Info:    Redeclaring math symbol \hbar on input line 98.
LaTeX Font Info:    Overwriting math alphabet `\mathfrak' in version `bold'
(Font)                  U/euf/m/n --> U/euf/b/n on input line 106.
))
(/usr/share/texlive/texmf-dist/tex/generic/babel/babel.sty
Package: babel 2021/11/29 3.67 The Babel package
\babel@savecnt=\count270
\U@D=\dimen148
\l@unhyphenated=\language3

(/usr/share/texlive/texmf-dist/tex/generic/babel/txtbabel.def)
\bbl@readstream=\read2
\bbl@dirlevel=\count271

(/usr/share/texlive/texmf-dist/tex/generic/babel-english/english.ldf
Language: english 2017/06/06 v3.3r English support from the babel system
Package babel Info: Hyphen rules for 'british' set to \l@english
(babel)             (\language0). Reported on input line 82.
Package babel Info: Hyphen rules for 'UKenglish' set to \l@english
(babel)             (\language0). Reported on input line 83.
Package babel Info: Hyphen rules for 'canadian' set to \l@english
(babel)             (\language0). Reported on input line 102.
Package babel Info: Hyphen rules for 'australian' set to \l@english
(babel)             (\language0). Reported on input line 105.
Package babel Info: Hyphen rules for 'newzealand' set to \l@english
(babel)             (\language0). Reported on input line 108.
))
(/home/fmoss/texmf/tex/latex/tex-gyre/tgtermes.sty
Package: tgtermes 2009/09/27 v1.2 TeX Gyre Termes as default roman family

(/usr/share/texlive/texmf-dist/tex/latex/kvoptions/kvoptions.sty
Package: kvoptions 2020-10-07 v3.14 Key value format for package options (HO)

(/usr/share/texlive/texmf-dist/tex/latex/graphics/keyval.sty
Package: keyval 2014/10/28 v1.15 key=value parser (DPC)
\KV@toks@=\toks23
)
(/usr/share/texlive/texmf-dist/tex/generic/ltxcmds/ltxcmds.sty
Package: ltxcmds 2020-05-10 v1.25 LaTeX kernel commands for general use (HO)
)
(/usr/share/texlive/texmf-dist/tex/generic/kvsetkeys/kvsetkeys.sty
Package: kvsetkeys 2019/12/15 v1.18 Key value parser (HO)
)))
(/home/fmoss/texmf/tex/latex/tex-gyre/tgheros.sty
Package: tgheros 2009/09/27 v1.2 TeX Gyre Heros as default sans serif family
)
(/usr/share/texlive/texmf-dist/tex/latex/fncychap/fncychap.sty
Package: fncychap 2007/07/30 v1.34 LaTeX package (Revised chapters)
\RW=\skip52
\mylen=\skip53
\myhi=\skip54
\px=\skip55
\py=\skip56
\pyy=\skip57
\pxx=\skip58
\c@AlphaCnt=\count272
\c@AlphaDecCnt=\count273
) (./sphinx.sty
Package: sphinx 2021/01/27 v4.0.0 LaTeX package (Sphinx markup)

(/usr/share/texlive/texmf-dist/tex/latex/xcolor/xcolor.sty
Package: xcolor 2021/10/31 v2.13 LaTeX color extensions (UK)

(/usr/share/texlive/texmf-dist/tex/latex/graphics-cfg/color.cfg
File: color.cfg 2016/01/02 v1.6 sample color configuration
)
Package xcolor Info: Driver file: pdftex.def on input line 227.

(/usr/share/texlive/texmf-dist/tex/latex/graphics-def/pdftex.def
File: pdftex.def 2020/10/05 v1.2a Graphics/color driver for pdftex
)
Package xcolor Info: Model `cmy' substituted by `cmy0' on input line 1352.
Package xcolor Info: Model `hsb' substituted by `rgb' on input line 1356.
Package xcolor Info: Model `RGB' extended on input line 1368.
Package xcolor Info: Model `HTML' substituted by `rgb' on input line 1370.
Package xcolor Info: Model `Hsb' substituted by `hsb' on input line 1371.
Package xcolor Info: Model `tHsb' substituted by `hsb' on input line 1372.
Package xcolor Info: Model `HSB' substituted by `hsb' on input line 1373.
Package xcolor Info: Model `Gray' substituted by `gray' on input line 1374.
Package xcolor Info: Model `wave' substituted by `hsb' on input line 1375.
)
\sphinxverbatimsep=\dimen149
\sphinxverbatimborder=\dimen150
\sphinxshadowsep=\dimen151
\sphinxshadowsize=\dimen152
\sphinxshadowrule=\dimen153
\spx@notice@border=\dimen154

(./sphinxoptionshyperref.sty
File: sphinxoptionshyperref.sty 2021/01/27 hyperref
) (./sphinxoptionsgeometry.sty
File: sphinxoptionsgeometry.sty 2021/01/27 geometry
)
(/usr/share/texlive/texmf-dist/tex/latex/base/textcomp.sty
Package: textcomp 2020/02/02 v2.0n Standard LaTeX package
)
(/usr/share/texlive/texmf-dist/tex/latex/float/float.sty
Package: float 2001/11/08 v1.3d Float enhancements (AL)
\c@float@type=\count274
\float@exts=\toks24
\float@box=\box52
\@float@everytoks=\toks25
\@floatcapt=\box53
)
(/usr/share/texlive/texmf-dist/tex/latex/wrapfig/wrapfig.sty
\wrapoverhang=\dimen155
\WF@size=\dimen156
\c@WF@wrappedlines=\count275
\WF@box=\box54
\WF@everypar=\toks26
Package: wrapfig 2003/01/31  v 3.6
)
(/usr/share/texlive/texmf-dist/tex/latex/capt-of/capt-of.sty
Package: capt-of 2009/12/29 v0.2 standard captions outside of floats
)
(/usr/share/texlive/texmf-dist/tex/latex/tools/multicol.sty
Package: multicol 2021/10/28 v1.9b multicolumn formatting (FMi)
\c@tracingmulticols=\count276
\mult@box=\box55
\multicol@leftmargin=\dimen157
\c@unbalance=\count277
\c@collectmore=\count278
\doublecol@number=\count279
\multicoltolerance=\count280
\multicolpretolerance=\count281
\full@width=\dimen158
\page@free=\dimen159
\premulticols=\dimen160
\postmulticols=\dimen161
\multicolsep=\skip59
\multicolbaselineskip=\skip60
\partial@page=\box56
\last@line=\box57
\maxbalancingoverflow=\dimen162
\mult@rightbox=\box58
\mult@grightbox=\box59
\mult@firstbox=\box60
\mult@gfirstbox=\box61
\@tempa=\box62
\@tempa=\box63
\@tempa=\box64
\@tempa=\box65
\@tempa=\box66
\@tempa=\box67
\@tempa=\box68
\@tempa=\box69
\@tempa=\box70
\@tempa=\box71
\@tempa=\box72
\@tempa=\box73
\@tempa=\box74
\@tempa=\box75
\@tempa=\box76
\@tempa=\box77
\@tempa=\box78
\@tempa=\box79
\@tempa=\box80
\@tempa=\box81
\@tempa=\box82
\@tempa=\box83
\@tempa=\box84
\@tempa=\box85
\@tempa=\box86
\@tempa=\box87
\@tempa=\box88
\@tempa=\box89
\@tempa=\box90
\@tempa=\box91
\@tempa=\box92
\@tempa=\box93
\@tempa=\box94
\@tempa=\box95
\@tempa=\box96
\@tempa=\box97
\c@minrows=\count282
\c@columnbadness=\count283
\c@finalcolumnbadness=\count284
\last@try=\dimen163
\multicolovershoot=\dimen164
\multicolundershoot=\dimen165
\mult@nat@firstbox=\box98
\colbreak@box=\box99
\mc@col@check@num=\count285
)
(/usr/share/texlive/texmf-dist/tex/latex/graphics/graphicx.sty
Package: graphicx 2021/09/16 v1.2d Enhanced LaTeX Graphics (DPC,SPQR)

(/usr/share/texlive/texmf-dist/tex/latex/graphics/graphics.sty
Package: graphics 2021/03/04 v1.4d Standard LaTeX Graphics (DPC,SPQR)

(/usr/share/texlive/texmf-dist/tex/latex/graphics/trig.sty
Package: trig 2021/08/11 v1.11 sin cos tan (DPC)
)
(/usr/share/texlive/texmf-dist/tex/latex/graphics-cfg/graphics.cfg
File: graphics.cfg 2016/06/04 v1.11 sample graphics configuration
)
Package graphics Info: Driver file: pdftex.def on input line 107.
)
\Gin@req@height=\dimen166
\Gin@req@width=\dimen167
)
(./sphinxlatexgraphics.sty
File: sphinxlatexgraphics.sty 2021/01/27 graphics
\spx@image@maxheight=\dimen168
\spx@image@box=\box100
) (./sphinxlatexadmonitions.sty
File: sphinxlatexadmonitions.sty 2021/01/27 admonitions

(/usr/share/texlive/texmf-dist/tex/latex/framed/framed.sty
Package: framed 2011/10/22 v 0.96: framed or shaded text with page breaks
\OuterFrameSep=\skip61
\fb@frw=\dimen169
\fb@frh=\dimen170
\FrameRule=\dimen171
\FrameSep=\dimen172
))
(./sphinxlatexliterals.sty
File: sphinxlatexliterals.sty 2021/12/06 code-blocks and parsed literals

(/usr/share/texlive/texmf-dist/tex/latex/fancyvrb/fancyvrb.sty
Package: fancyvrb 2021/11/24~ 4.1a~verbatim text (tvz,hv)
\FV@CodeLineNo=\count286
\FV@InFile=\read3
\FV@TabBox=\box101
\c@FancyVerbLine=\count287
\FV@StepNumber=\count288
\FV@OutFile=\write3
)
(/usr/share/texlive/texmf-dist/tex/latex/base/alltt.sty
Package: alltt 2021/01/29 v2.0g defines alltt environment
)
(/usr/share/texlive/texmf-dist/tex/latex/upquote/upquote.sty
Package: upquote 2012/04/19 v1.3 upright-quote and grave-accent glyphs in verba
tim
)
(/usr/share/texlive/texmf-dist/tex/latex/needspace/needspace.sty
Package: needspace 2010/09/12 v1.3d reserve vertical space
)
\sphinxcontinuationbox=\box102
\sphinxvisiblespacebox=\box103
\sphinxVerbatim@TitleBox=\box104
\sphinxVerbatim@ContentsBox=\box105
\spx@scratchbox=\box106
)
(./sphinxlatexshadowbox.sty
File: sphinxlatexshadowbox.sty 2021/01/27 sphinxShadowBox
) (./sphinxlatexcontainers.sty
File: sphinxlatexcontainers.sty 2021/05/03 containers
)
(./sphinxhighlight.sty
Package: sphinxhighlight 2016/05/29 stylesheet for highlighting with pygments
) (./sphinxlatextables.sty
File: sphinxlatextables.sty 2021/01/27 tables

(/usr/share/texlive/texmf-dist/tex/latex/tabulary/tabulary.sty
Package: tabulary 2014/06/11 v0.10 tabulary package (DPC)

(/usr/share/texlive/texmf-dist/tex/latex/tools/array.sty
Package: array 2021/10/04 v2.5f Tabular extension package (FMi)
\col@sep=\dimen173
\ar@mcellbox=\box107
\extrarowheight=\dimen174
\NC@list=\toks27
\extratabsurround=\skip62
\backup@length=\skip63
\ar@cellbox=\box108
)
\TY@count=\count289
\TY@linewidth=\dimen175
\tymin=\dimen176
\tymax=\dimen177
\TY@tablewidth=\dimen178
)
(/usr/share/texlive/texmf-dist/tex/latex/tools/longtable.sty
Package: longtable 2021-09-01 v4.17 Multi-page Table package (DPC)
\LTleft=\skip64
\LTright=\skip65
\LTpre=\skip66
\LTpost=\skip67
\LTchunksize=\count290
\LTcapwidth=\dimen179
\LT@head=\box109
\LT@firsthead=\box110
\LT@foot=\box111
\LT@lastfoot=\box112
\LT@gbox=\box113
\LT@cols=\count291
\LT@rows=\count292
\c@LT@tables=\count293
\c@LT@chunks=\count294
\LT@p@ftn=\toks28
)
(/usr/share/texlive/texmf-dist/tex/latex/varwidth/varwidth.sty
Package: varwidth 2009/03/30 ver 0.92;  Variable-width minipages
\@vwid@box=\box114
\sift@deathcycles=\count295
\@vwid@loff=\dimen180
\@vwid@roff=\dimen181
)
\sphinx@TY@tablewidth=\dimen182
)
(./sphinxlatexnumfig.sty
File: sphinxlatexnumfig.sty 2021/01/27 numbering
) (./sphinxlatexlists.sty
File: sphinxlatexlists.sty 2021/01/27 lists
)
\c@sphinxscope=\count296
\c@sphinxexplicit=\count297
 (./sphinxpackagefootnote.sty
Package: sphinxpackagefootnote 2021/02/04 v1.1d footnotehyper adapted to sphinx
 (Sphinx team)
\FNH@notes=\box115
\FNH@toks=\toks29
\FNH@width=\dimen183
) (./sphinxlatexindbibtoc.sty
File: sphinxlatexindbibtoc.sty 2021/01/27 index, bib., toc

(/usr/share/texlive/texmf-dist/tex/latex/base/makeidx.sty
Package: makeidx 2021/10/04 v1.0m Standard LaTeX package
))
(./sphinxlatexstylepage.sty
File: sphinxlatexstylepage.sty 2021/01/27 page styling

(/usr/share/texlive/texmf-dist/tex/latex/parskip/parskip.sty
Rollback for package 'parskip' requested -> version 'v1'.
         This corresponds to the release introduced on 2001-04-09.

(/usr/share/texlive/texmf-dist/tex/latex/parskip/parskip-2001-04-09.sty
Package: parskip 2001/04/09 non-zero parskip adjustments
))
(/usr/share/texlive/texmf-dist/tex/latex/fancyhdr/fancyhdr.sty
Package: fancyhdr 2021/01/28 v4.0.1 Extensive control of page headers and foote
rs
\f@nch@headwidth=\skip68
\f@nch@O@elh=\skip69
\f@nch@O@erh=\skip70
\f@nch@O@olh=\skip71
\f@nch@O@orh=\skip72
\f@nch@O@elf=\skip73
\f@nch@O@erf=\skip74
\f@nch@O@olf=\skip75
\f@nch@O@orf=\skip76
))
(./sphinxlatexstyleheadings.sty
File: sphinxlatexstyleheadings.sty 2021/01/27 headings

(/usr/share/texlive/texmf-dist/tex/latex/titlesec/titlesec.sty
Package: titlesec 2021/07/05 v2.14 Sectioning titles
\ttl@box=\box116
\beforetitleunit=\skip77
\aftertitleunit=\skip78
\ttl@plus=\dimen184
\ttl@minus=\dimen185
\ttl@toksa=\toks30
\titlewidth=\dimen186
\titlewidthlast=\dimen187
\titlewidthfirst=\dimen188
))
(./sphinxlatexstyletext.sty
File: sphinxlatexstyletext.sty 2021/12/06 text styling
) (./sphinxlatexobjects.sty
File: sphinxlatexobjects.sty 2021/12/05 documentation environments
\py@argswidth=\skip79
\lineblockindentation=\skip80
\DUlineblockindent=\skip81
))
(/usr/share/texlive/texmf-dist/tex/latex/geometry/geometry.sty
Package: geometry 2020/01/02 v5.9 Page Geometry

(/usr/share/texlive/texmf-dist/tex/generic/iftex/ifvtex.sty
Package: ifvtex 2019/10/25 v1.7 ifvtex legacy package. Use iftex instead.

(/usr/share/texlive/texmf-dist/tex/generic/iftex/iftex.sty
Package: iftex 2020/03/06 v1.0d TeX engine tests
))
\Gm@cnth=\count298
\Gm@cntv=\count299
\c@Gm@tempcnt=\count300
\Gm@bindingoffset=\dimen189
\Gm@wd@mp=\dimen190
\Gm@odd@mp=\dimen191
\Gm@even@mp=\dimen192
\Gm@layoutwidth=\dimen193
\Gm@layoutheight=\dimen194
\Gm@layouthoffset=\dimen195
\Gm@layoutvoffset=\dimen196
\Gm@dimlist=\toks31
)
(/usr/share/texlive/texmf-dist/tex/latex/hyperref/hyperref.sty
Package: hyperref 2021-06-07 v7.00m Hypertext links for LaTeX

(/usr/share/texlive/texmf-dist/tex/generic/pdftexcmds/pdftexcmds.sty
Package: pdftexcmds 2020-06-27 v0.33 Utility functions of pdfTeX for LuaTeX (HO
)

(/usr/share/texlive/texmf-dist/tex/generic/infwarerr/infwarerr.sty
Package: infwarerr 2019/12/03 v1.5 Providing info/warning/error messages (HO)
)
Package pdftexcmds Info: \pdf@primitive is available.
Package pdftexcmds Info: \pdf@ifprimitive is available.
Package pdftexcmds Info: \pdfdraftmode found.
)
(/usr/share/texlive/texmf-dist/tex/generic/kvdefinekeys/kvdefinekeys.sty
Package: kvdefinekeys 2019-12-19 v1.6 Define keys (HO)
)
(/usr/share/texlive/texmf-dist/tex/generic/pdfescape/pdfescape.sty
Package: pdfescape 2019/12/09 v1.15 Implements pdfTeX's escape features (HO)
)
(/usr/share/texlive/texmf-dist/tex/latex/hycolor/hycolor.sty
Package: hycolor 2020-01-27 v1.10 Color options for hyperref/bookmark (HO)
)
(/usr/share/texlive/texmf-dist/tex/latex/letltxmacro/letltxmacro.sty
Package: letltxmacro 2019/12/03 v1.6 Let assignment for LaTeX macros (HO)
)
(/usr/share/texlive/texmf-dist/tex/latex/auxhook/auxhook.sty
Package: auxhook 2019-12-17 v1.6 Hooks for auxiliary files (HO)
)
\@linkdim=\dimen197
\Hy@linkcounter=\count301
\Hy@pagecounter=\count302

(/usr/share/texlive/texmf-dist/tex/latex/hyperref/pd1enc.def
File: pd1enc.def 2021-06-07 v7.00m Hyperref: PDFDocEncoding definition (HO)
Now handling font encoding PD1 ...
... no UTF-8 mapping file for font encoding PD1
)
(/usr/share/texlive/texmf-dist/tex/latex/hyperref/hyperref-langpatches.def
File: hyperref-langpatches.def 2021-06-07 v7.00m Hyperref: patches for babel la
nguages
)
(/usr/share/texlive/texmf-dist/tex/generic/intcalc/intcalc.sty
Package: intcalc 2019/12/15 v1.3 Expandable calculations with integers (HO)
)
(/usr/share/texlive/texmf-dist/tex/generic/etexcmds/etexcmds.sty
Package: etexcmds 2019/12/15 v1.7 Avoid name clashes with e-TeX commands (HO)
)
\Hy@SavedSpaceFactor=\count303

(/usr/share/texlive/texmf-dist/tex/latex/hyperref/puenc.def
File: puenc.def 2021-06-07 v7.00m Hyperref: PDF Unicode definition (HO)
Now handling font encoding PU ...
... no UTF-8 mapping file for font encoding PU
)
Package hyperref Info: Option `unicode' set `true' on input line 4073.
Package hyperref Info: Option `colorlinks' set `true' on input line 4073.
Package hyperref Info: Option `breaklinks' set `true' on input line 4073.
Package hyperref Info: Hyper figures OFF on input line 4192.
Package hyperref Info: Link nesting OFF on input line 4197.
Package hyperref Info: Hyper index ON on input line 4200.
Package hyperref Info: Plain pages OFF on input line 4207.
Package hyperref Info: Backreferencing OFF on input line 4212.
Package hyperref Info: Implicit mode ON; LaTeX internals redefined.
Package hyperref Info: Bookmarks ON on input line 4445.
\c@Hy@tempcnt=\count304

(/usr/share/texlive/texmf-dist/tex/latex/url/url.sty
\Urlmuskip=\muskip17
Package: url 2013/09/16  ver 3.4  Verb mode for urls, etc.
)
LaTeX Info: Redefining \url on input line 4804.
\XeTeXLinkMargin=\dimen198

(/usr/share/texlive/texmf-dist/tex/generic/bitset/bitset.sty
Package: bitset 2019/12/09 v1.3 Handle bit-vector datatype (HO)

(/usr/share/texlive/texmf-dist/tex/generic/bigintcalc/bigintcalc.sty
Package: bigintcalc 2019/12/15 v1.5 Expandable calculations on big integers (HO
)
))
\Fld@menulength=\count305
\Field@Width=\dimen199
\Fld@charsize=\dimen256
Package hyperref Info: Hyper figures OFF on input line 6076.
Package hyperref Info: Link nesting OFF on input line 6081.
Package hyperref Info: Hyper index ON on input line 6084.
Package hyperref Info: backreferencing OFF on input line 6091.
Package hyperref Info: Link coloring ON on input line 6094.
Package hyperref Info: Link coloring with OCG OFF on input line 6101.
Package hyperref Info: PDF/A mode OFF on input line 6106.
LaTeX Info: Redefining \ref on input line 6146.
LaTeX Info: Redefining \pageref on input line 6150.

(/usr/share/texlive/texmf-dist/tex/latex/base/atbegshi-ltx.sty
Package: atbegshi-ltx 2021/01/10 v1.0c Emulation of the original atbegshi
package with kernel methods
)
\Hy@abspage=\count306
\c@Item=\count307
\c@Hfootnote=\count308
)
Package hyperref Info: Driver (autodetected): hpdftex.

(/usr/share/texlive/texmf-dist/tex/latex/hyperref/hpdftex.def
File: hpdftex.def 2021-06-07 v7.00m Hyperref driver for pdfTeX

(/usr/share/texlive/texmf-dist/tex/latex/base/atveryend-ltx.sty
Package: atveryend-ltx 2020/08/19 v1.0a Emulation of the original atveryend pac
kage
with kernel methods
)
\Fld@listcount=\count309
\c@bookmark@seq@number=\count310

(/usr/share/texlive/texmf-dist/tex/latex/rerunfilecheck/rerunfilecheck.sty
Package: rerunfilecheck 2019/12/05 v1.9 Rerun checks for auxiliary files (HO)

(/usr/share/texlive/texmf-dist/tex/generic/uniquecounter/uniquecounter.sty
Package: uniquecounter 2019/12/15 v1.4 Provide unlimited unique counter (HO)
)
Package uniquecounter Info: New unique counter `rerunfilecheck' on input line 2
86.
)
\Hy@SectionHShift=\skip82
)
(/usr/share/texlive/texmf-dist/tex/latex/oberdiek/hypcap.sty
Package: hypcap 2016/05/16 v1.12 Adjusting the anchors of captions (HO)
)
(./sphinxmessages.sty
Package: sphinxmessages 2019/01/04 v2.0 Localized LaTeX macros (Sphinx team)
)
\nbsphinxpromptbox=\box117
\nbsphinxcodecellspacing=\skip83
\nbsphinxbox=\box118
\nbsphinx@image@maxheight=\dimen257
\@indexfile=\write4
\openout4 = `introductiontomusicalcorpusstudies.idx'.


Writing index file introductiontomusicalcorpusstudies.idx
LaTeX Font Info:    Trying to load font information for T1+qtm on input line 21
1.
(/home/fmoss/texmf/tex/latex/tex-gyre/t1qtm.fd
File: t1qtm.fd 2009/09/25 v1.2 font definition file for T1/qtm
)
(/usr/share/texlive/texmf-dist/tex/latex/l3backend/l3backend-pdftex.def
File: l3backend-pdftex.def 2021-12-14 L3 backend support: PDF output (pdfTeX)
\l__color_backend_stack_int=\count311
\l__pdf_internal_box=\box119
)
(./introductiontomusicalcorpusstudies.aux)
\openout1 = `introductiontomusicalcorpusstudies.aux'.

LaTeX Font Info:    Checking defaults for OML/cmm/m/it on input line 211.
LaTeX Font Info:    ... okay on input line 211.
LaTeX Font Info:    Checking defaults for OMS/cmsy/m/n on input line 211.
LaTeX Font Info:    ... okay on input line 211.
LaTeX Font Info:    Checking defaults for OT1/cmr/m/n on input line 211.
LaTeX Font Info:    ... okay on input line 211.
LaTeX Font Info:    Checking defaults for T1/cmr/m/n on input line 211.
LaTeX Font Info:    ... okay on input line 211.
LaTeX Font Info:    Checking defaults for TS1/cmr/m/n on input line 211.
LaTeX Font Info:    ... okay on input line 211.
LaTeX Font Info:    Checking defaults for OMX/cmex/m/n on input line 211.
LaTeX Font Info:    ... okay on input line 211.
LaTeX Font Info:    Checking defaults for U/cmr/m/n on input line 211.
LaTeX Font Info:    ... okay on input line 211.
LaTeX Font Info:    Checking defaults for PD1/pdf/m/n on input line 211.
LaTeX Font Info:    ... okay on input line 211.
LaTeX Font Info:    Checking defaults for PU/pdf/m/n on input line 211.
LaTeX Font Info:    ... okay on input line 211.

(/usr/share/texlive/texmf-dist/tex/context/base/mkii/supp-pdf.mkii
[Loading MPS to PDF converter (version 2006.09.02).]
\scratchcounter=\count312
\scratchdimen=\dimen258
\scratchbox=\box120
\nofMPsegments=\count313
\nofMParguments=\count314
\everyMPshowfont=\toks32
\MPscratchCnt=\count315
\MPscratchDim=\dimen259
\MPnumerator=\count316
\makeMPintoPDFobject=\count317
\everyMPtoPDFconversion=\toks33
) (/usr/share/texlive/texmf-dist/tex/latex/epstopdf-pkg/epstopdf-base.sty
Package: epstopdf-base 2020-01-24 v2.11 Base part for package epstopdf
Package epstopdf-base Info: Redefining graphics rule for `.eps' on input line 4
85.

(/usr/share/texlive/texmf-dist/tex/latex/latexconfig/epstopdf-sys.cfg
File: epstopdf-sys.cfg 2010/07/13 v1.3 Configuration of (r)epstopdf for TeX Liv
e
))
\c@literalblock=\count318

*geometry* driver: auto-detecting
*geometry* detected driver: pdftex
*geometry* verbose mode - [ preamble ] result:
* driver: pdftex
* paper: letterpaper
* layout: <same size as paper>
* layoutoffset:(h,v)=(0.0pt,0.0pt)
* modes: twoside 
* h-part:(L,W,R)=(72.26999pt, 469.75502pt, 72.26999pt)
* v-part:(T,H,B)=(72.26999pt, 650.43001pt, 72.26999pt)
* \paperwidth=614.295pt
* \paperheight=794.96999pt
* \textwidth=469.75502pt
* \textheight=650.43001pt
* \oddsidemargin=0.0pt
* \evensidemargin=0.0pt
* \topmargin=-37.0pt
* \headheight=12.0pt
* \headsep=25.0pt
* \topskip=10.0pt
* \footskip=30.0pt
* \marginparwidth=36.135pt
* \marginparsep=11.0pt
* \columnsep=10.0pt
* \skip\footins=9.0pt plus 4.0pt minus 2.0pt
* \hoffset=0.0pt
* \voffset=0.0pt
* \mag=1000
* \@twocolumnfalse
* \@twosidetrue
* \@mparswitchtrue
* \@reversemarginfalse
* (1in=72.27pt=25.4mm, 1cm=28.453pt)

Package hyperref Info: Link coloring ON on input line 211.
(/usr/share/texlive/texmf-dist/tex/latex/hyperref/nameref.sty
Package: nameref 2021-04-02 v2.47 Cross-referencing by name of section

(/usr/share/texlive/texmf-dist/tex/latex/refcount/refcount.sty
Package: refcount 2019/12/15 v3.6 Data extraction from label references (HO)
)
(/usr/share/texlive/texmf-dist/tex/generic/gettitlestring/gettitlestring.sty
Package: gettitlestring 2019/12/15 v1.6 Cleanup title references (HO)
)
\c@section@level=\count319
)
LaTeX Info: Redefining \ref on input line 211.
LaTeX Info: Redefining \pageref on input line 211.
LaTeX Info: Redefining \nameref on input line 211.

(./introductiontomusicalcorpusstudies.out)
(./introductiontomusicalcorpusstudies.out)
\@outlinefile=\write5
\openout5 = `introductiontomusicalcorpusstudies.out'.

Package hyperref Info: Option `pageanchor' set `false' on input line 214.


Package hyperref Warning: Token not allowed in a PDF string (Unicode):
(hyperref)                removing `\spacefactor' on input line 214.


Package hyperref Warning: Token not allowed in a PDF string (Unicode):
(hyperref)                removing `\@m' on input line 214.

LaTeX Font Info:    Trying to load font information for T1+qhv on input line 21
4.
(/home/fmoss/texmf/tex/latex/tex-gyre/t1qhv.fd
File: t1qhv.fd 2009/09/25 v1.2 font definition file for T1/qhv
)<<ot1.cmap>><<oml.cmap>><<oms.cmap>><<omx.cmap>>
LaTeX Font Info:    Trying to load font information for U+msa on input line 214
.
 (/usr/share/texlive/texmf-dist/tex/latex/amsfonts/umsa.fd
File: umsa.fd 2013/01/14 v3.01 AMS symbols A
)
LaTeX Font Info:    Trying to load font information for U+msb on input line 214
.

(/usr/share/texlive/texmf-dist/tex/latex/amsfonts/umsb.fd
File: umsb.fd 2013/01/14 v3.01 AMS symbols B
) [1

{/var/lib/texmf/fonts/map/pdftex/updmap/pdftex.map}] [2


]
(./introductiontomusicalcorpusstudies.toc
LaTeX Font Info:    Trying to load font information for T1+txtt on input line 1
9.

(/home/fmoss/texmf/tex/latex/txfonts/t1txtt.fd
File: t1txtt.fd 2000/12/15 v3.1
)
LaTeX Font Info:    Font shape `T1/txtt/b/n' in size <10> not available
(Font)              Font shape `T1/txtt/bx/n' tried instead on input line 19.
 [1

])
\tf@toc=\write6
\openout6 = `introductiontomusicalcorpusstudies.toc'.

 [2]
<pattern.jpg, id=253, 6022.5pt x 4015.0pt>
File: pattern.jpg Graphic file (type jpg)
<use pattern.jpg>
Package pdftex.def Info: pattern.jpg  used on input line 221.
(pdftex.def)             Requested size: 469.75502pt x 313.11974pt.
 [1

 <./pattern.jpg>]
[2

]
Chapter 1.
[3] [4] [5] [6

]
Chapter 2.
<abstract_bg.jpg, id=301, 2601.72pt x 1734.48pt>
File: abstract_bg.jpg Graphic file (type jpg)
<use abstract_bg.jpg>
Package pdftex.def Info: abstract_bg.jpg  used on input line 565.
(pdftex.def)             Requested size: 469.75502pt x 313.17216pt.
[7 <./abstract_bg.jpg>] [8

]
Chapter 3.
LaTeX Font Info:    Font shape `T1/txtt/m/it' in size <10> not available
(Font)              Font shape `T1/txtt/m/sl' tried instead on input line 607.
LaTeX Font Info:    Trying to load font information for TS1+txtt on input line 
613.
(/home/fmoss/texmf/tex/latex/txfonts/ts1txtt.fd
File: ts1txtt.fd 2000/12/15 v3.1
)
LaTeX Font Info:    Font shape `TS1/txtt/m/it' in size <10> not available
(Font)              Font shape `TS1/txtt/m/sl' tried instead on input line 613.

 [9

] [10] [11]
<03_melody_I_21_0.png, id=336, 544.1931pt x 301.00455pt>
File: 03_melody_I_21_0.png Graphic file (type png)
<use 03_melody_I_21_0.png>
Package pdftex.def Info: 03_melody_I_21_0.png  used on input line 875.
(pdftex.def)             Requested size: 469.75732pt x 259.83255pt.
 [12 <./03_melody_I_21_0.png>]
<03_melody_I_34_0.png, id=344, 544.1931pt x 206.6922pt>
File: 03_melody_I_34_0.png Graphic file (type png)
<use 03_melody_I_34_0.png>
Package pdftex.def Info: 03_melody_I_34_0.png  used on input line 1093.
(pdftex.def)             Requested size: 469.75732pt x 178.42043pt.
 [13 <./03_melody_I_34_0.png>]
<03_melody_I_47_0.png, id=350, 544.1931pt x 206.6922pt>
File: 03_melody_I_47_0.png Graphic file (type png)
<use 03_melody_I_47_0.png>
Package pdftex.def Info: 03_melody_I_47_0.png  used on input line 1246.
(pdftex.def)             Requested size: 469.75732pt x 178.42043pt.
<03_melody_I_48_0.png, id=351, 544.1931pt x 206.6922pt>
File: 03_melody_I_48_0.png Graphic file (type png)
<use 03_melody_I_48_0.png>
Package pdftex.def Info: 03_melody_I_48_0.png  used on input line 1275.
(pdftex.def)             Requested size: 469.75732pt x 178.42043pt.
 [14 <./03_melody_I_47_0.png>]
<midi_pitch.png, id=357, 1631.34468pt x 350.05782pt>
File: midi_pitch.png Graphic file (type png)
<use midi_pitch.png>
Package pdftex.def Info: midi_pitch.png  used on input line 1335.
(pdftex.def)             Requested size: 469.74228pt x 100.7984pt.

[15 <./03_melody_I_48_0.png> <./midi_pitch.png>] [16]
<03_melody_I_60_0.png, id=369, 373.395pt x 251.94125pt>
File: 03_melody_I_60_0.png Graphic file (type png)
<use 03_melody_I_60_0.png>
Package pdftex.def Info: 03_melody_I_60_0.png  used on input line 1472.
(pdftex.def)             Requested size: 280.05696pt x 188.95546pt.
<03_melody_I_62_0.png, id=370, 576.1525pt x 421.575pt>
File: 03_melody_I_62_0.png Graphic file (type png)
<use 03_melody_I_62_0.png>
Package pdftex.def Info: 03_melody_I_62_0.png  used on input line 1510.
(pdftex.def)             Requested size: 432.13089pt x 316.18689pt.
 [17 <./03_melody_I_60_0.png> <./03_melody_I_62_0.png>]
<03_melody_I_66_0.png, id=377, 375.4025pt x 251.94125pt>
File: 03_melody_I_66_0.png Graphic file (type png)
<use 03_melody_I_66_0.png>
Package pdftex.def Info: 03_melody_I_66_0.png  used on input line 1614.
(pdftex.def)             Requested size: 281.56836pt x 188.95546pt.
 [18 <./03_melody_I_66_0.png>] [19]
<03_melody_I_73_0.png, id=387, 855.195pt x 566.115pt>
File: 03_melody_I_73_0.png Graphic file (type png)
<use 03_melody_I_73_0.png>
Package pdftex.def Info: 03_melody_I_73_0.png  used on input line 1787.
(pdftex.def)             Requested size: 469.7454pt x 310.9582pt.

Underfull \vbox (badness 10000) detected at line 1791
 []

[20]
<03_melody_I_76_0.png, id=392, 544.1931pt x 206.6922pt>
File: 03_melody_I_76_0.png Graphic file (type png)
<use 03_melody_I_76_0.png>
Package pdftex.def Info: 03_melody_I_76_0.png  used on input line 1850.
(pdftex.def)             Requested size: 469.75732pt x 178.42043pt.
 [21 <./03_melody_I_73_0.png> <./03_melody_I_76_0.png>]
LaTeX Font Info:    Trying to load font information for TS1+qtm on input line 1
921.

(/home/fmoss/texmf/tex/latex/tex-gyre/ts1qtm.fd
File: ts1qtm.fd 2009/09/25 v1.2 font definition file for TS1/qtm
) [22]
Overfull \vbox (3.12192pt too high) detected at line 2130
 []

[23]
<03_melody_I_86_0.png, id=409, 606.265pt x 565.11125pt>
File: 03_melody_I_86_0.png Graphic file (type png)
<use 03_melody_I_86_0.png>
Package pdftex.def Info: 03_melody_I_86_0.png  used on input line 2165.
(pdftex.def)             Requested size: 454.69763pt x 423.84102pt.
 [24 <./03_melody_I_86_0.png>] [25]
Underfull \vbox (badness 10000) detected at line 2393
 []


Underfull \vbox (badness 10000) detected at line 2393
 []

[26]
<03_melody_I_95_0.png, id=423, 606.265pt x 567.11874pt>
File: 03_melody_I_95_0.png Graphic file (type png)
<use 03_melody_I_95_0.png>
Package pdftex.def Info: 03_melody_I_95_0.png  used on input line 2505.
(pdftex.def)             Requested size: 454.69763pt x 425.34666pt.

Underfull \vbox (badness 10000) detected at line 2509
 []

[27] [28 <./03_melody_I_95_0.png>]
Chapter 4.
[29

] [30] [31]
Underfull \vbox (badness 10000) detected at line 3435
 []


Underfull \vbox (badness 10000) detected at line 3435
 []

[32]
Underfull \vbox (badness 10000) detected at line 3435
 []


Underfull \vbox (badness 10000) detected at line 3435
 []

[33]
Underfull \vbox (badness 10000) detected at line 3435
 []


Underfull \vbox (badness 10000) detected at line 3435
 []

[34]
Underfull \vbox (badness 10000) detected at line 3435
 []


Underfull \vbox (badness 10000) detected at line 3435
 []

[35]
Underfull \vbox (badness 10000) detected at line 3435
 []


Underfull \vbox (badness 10000) detected at line 3435
 []

[36]
Underfull \vbox (badness 10000) detected at line 3435
 []


Underfull \vbox (badness 10000) detected at line 3435
 []

[37]
Underfull \vbox (badness 10000) detected at line 3435
 []


Underfull \vbox (badness 10000) detected at line 3435
 []

[38]
Underfull \vbox (badness 10000) detected at line 3435
 []


Underfull \vbox (badness 10000) detected at line 3435
 []

[39] [40] [41]
<04_jazz_solos_34_0.png, id=494, 1172.38pt x 532.99126pt>
File: 04_jazz_solos_34_0.png Graphic file (type png)
<use 04_jazz_solos_34_0.png>
Package pdftex.def Info: 04_jazz_solos_34_0.png  used on input line 3705.
(pdftex.def)             Requested size: 469.7487pt x 213.5587pt.

Underfull \vbox (badness 10000) detected at line 3709
 []

[42]
Underfull \vbox (badness 1033) detected at line 3796
 []

[43 <./04_jazz_solos_34_0.png>]
<04_jazz_solos_37_0.png, id=504, 1177.39874pt x 314.17375pt>
File: 04_jazz_solos_37_0.png Graphic file (type png)
<use 04_jazz_solos_37_0.png>
Package pdftex.def Info: 04_jazz_solos_37_0.png  used on input line 3811.
(pdftex.def)             Requested size: 469.74745pt x 125.34607pt.
 [44 <./04_jazz_solos_37_0.png>] [45]
<04_jazz_solos_42_0.png, id=515, 842.14626pt x 553.06625pt>
File: 04_jazz_solos_42_0.png Graphic file (type png)
<use 04_jazz_solos_42_0.png>
Package pdftex.def Info: 04_jazz_solos_42_0.png  used on input line 4071.
(pdftex.def)             Requested size: 469.76112pt x 308.5082pt.

Underfull \vbox (badness 10000) detected at line 4075
 []

[46] [47 <./04_jazz_solos_42_0.png>]
<04_jazz_solos_48_0.png, id=525, 412.54124pt x 282.05376pt>
File: 04_jazz_solos_48_0.png Graphic file (type png)
<use 04_jazz_solos_48_0.png>
Package pdftex.def Info: 04_jazz_solos_48_0.png  used on input line 4198.
(pdftex.def)             Requested size: 309.40517pt x 211.53978pt.
<04_jazz_solos_50_0.png, id=526, 403.5075pt x 282.05376pt>
File: 04_jazz_solos_50_0.png Graphic file (type png)
<use 04_jazz_solos_50_0.png>
Package pdftex.def Info: 04_jazz_solos_50_0.png  used on input line 4232.
(pdftex.def)             Requested size: 302.62988pt x 211.53978pt.
 [48 <./04_jazz_solos_48_0.png> <./04_jazz_solos_50_0.png>]
<04_jazz_solos_54_0.png, id=533, 985.6825pt x 555.07375pt>
File: 04_jazz_solos_54_0.png Graphic file (type png)
<use 04_jazz_solos_54_0.png>
Package pdftex.def Info: 04_jazz_solos_54_0.png  used on input line 4279.
(pdftex.def)             Requested size: 469.7532pt x 264.53514pt.
 [49 <./04_jazz_solos_54_0.png>]
<04_jazz_solos_60_0.png, id=539, 627.34375pt x 609.27625pt>
File: 04_jazz_solos_60_0.png Graphic file (type png)
<use 04_jazz_solos_60_0.png>
Package pdftex.def Info: 04_jazz_solos_60_0.png  used on input line 4361.
(pdftex.def)             Requested size: 469.76956pt x 456.2402pt.

Underfull \vbox (badness 10000) detected at line 4365
 []

[50] [51 <./04_jazz_solos_60_0.png>] [52

]
Chapter 5.
LaTeX Font Info:    Font shape `T1/txtt/b/n' in size <14.4> not available
(Font)              Font shape `T1/txtt/bx/n' tried instead on input line 4399.

[53] [54] [55] [56]
Chapter 6.
[57

] [58

]
Chapter 7.
[59]
Underfull \vbox (badness 10000) detected at line 4952
 []


Underfull \vbox (badness 10000) detected at line 4952
 []

[60] [61] [62] [63]
Underfull \vbox (badness 10000) detected at line 5553
 []


Underfull \vbox (badness 10000) detected at line 5553
 []

[64]
Underfull \vbox (badness 10000) detected at line 5553
 []


Underfull \vbox (badness 10000) detected at line 5553
 []

[65]
Underfull \vbox (badness 10000) detected at line 5553
 []


Underfull \vbox (badness 10000) detected at line 5553
 []

[66]
Underfull \vbox (badness 10000) detected at line 5553
 []


Underfull \vbox (badness 10000) detected at line 5553
 []

[67]
Underfull \vbox (badness 10000) detected at line 5553
 []


Underfull \vbox (badness 10000) detected at line 5553
 []

[68] [69] [70] [71] [72] [73] [74] [75] [76] [77] [78]
Chapter 8.
[79

] [80]
<05_data-driven_music_history_12_0.png, id=692, 1023.825pt x 392.46625pt>
File: 05_data-driven_music_history_12_0.png Graphic file (type png)
<use 05_data-driven_music_history_12_0.png>
Package pdftex.def Info: 05_data-driven_music_history_12_0.png  used on input l
ine 6670.
(pdftex.def)             Requested size: 469.74667pt x 180.06955pt.
 [81 <./05_data-driven_music_history_12_0.png>] [82]
<05_data-driven_music_history_16_1.png, id=703, 1315.91624pt x 647.41875pt>
File: 05_data-driven_music_history_16_1.png Graphic file (type png)
<use 05_data-driven_music_history_16_1.png>
Package pdftex.def Info: 05_data-driven_music_history_16_1.png  used on input l
ine 6871.
(pdftex.def)             Requested size: 469.7538pt x 231.11456pt.

Underfull \vbox (badness 10000) detected at line 6875
 []

[83] [84 <./05_data-driven_music_history_16_1.png>]
Underfull \vbox (badness 10000) detected at line 7023
 []


Underfull \vbox (badness 10000) detected at line 7023
 []

[85] [86]
<05_data-driven_music_history_28_0.png, id=722, 986.68625pt x 336.25626pt>
File: 05_data-driven_music_history_28_0.png Graphic file (type png)
<use 05_data-driven_music_history_28_0.png>
Package pdftex.def Info: 05_data-driven_music_history_28_0.png  used on input l
ine 7166.
(pdftex.def)             Requested size: 469.76485pt x 160.09279pt.
 [87 <./05_data-driven_music_history_28_0.png>]
<05_data-driven_music_history_35_0.png, id=729, 489.83pt x 427.5975pt>
File: 05_data-driven_music_history_35_0.png Graphic file (type png)
<use 05_data-driven_music_history_35_0.png>
Package pdftex.def Info: 05_data-driven_music_history_35_0.png  used on input l
ine 7295.
(pdftex.def)             Requested size: 367.37906pt x 320.69733pt.

Underfull \vbox (badness 10000) detected at line 7299
 []

[88]
<05_data-driven_music_history_37_0.png, id=735, 1671.24374pt x 553.06625pt>
File: 05_data-driven_music_history_37_0.png Graphic file (type png)
<use 05_data-driven_music_history_37_0.png>
Package pdftex.def Info: 05_data-driven_music_history_37_0.png  used on input l
ine 7353.
(pdftex.def)             Requested size: 469.75565pt x 155.45667pt.

Underfull \vbox (badness 2293) detected at line 7357
 []

[89 <./05_data-driven_music_history_35_0.png>] [90 <./05_data-driven_music_hist
ory_37_0.png>]
Underfull \vbox (badness 7203) detected at line 7506
 []

[91]
<05_data-driven_music_history_43_0.png, id=750, 1671.24374pt x 553.06625pt>
File: 05_data-driven_music_history_43_0.png Graphic file (type png)
<use 05_data-driven_music_history_43_0.png>
Package pdftex.def Info: 05_data-driven_music_history_43_0.png  used on input l
ine 7521.
(pdftex.def)             Requested size: 469.75565pt x 155.45667pt.
 [92 <./05_data-driven_music_history_43_0.png>]
Underfull \vbox (badness 10000) detected at line 7715
 []


Underfull \vbox (badness 10000) detected at line 7715
 []

[93]
Underfull \vbox (badness 10000) detected at line 7715
 []


Underfull \vbox (badness 10000) detected at line 7715
 []

[94]
<05_data-driven_music_history_51_0.png, id=766, 1201.48875pt x 596.2275pt>
File: 05_data-driven_music_history_51_0.png Graphic file (type png)
<use 05_data-driven_music_history_51_0.png>
Package pdftex.def Info: 05_data-driven_music_history_51_0.png  used on input l
ine 7754.
(pdftex.def)             Requested size: 469.75206pt x 233.11003pt.
 [95 <./05_data-driven_music_history_51_0.png>]
<05_data-driven_music_history_53_0.png, id=772, 1131.22626pt x 553.06625pt>
File: 05_data-driven_music_history_53_0.png Graphic file (type png)
<use 05_data-driven_music_history_53_0.png>
Package pdftex.def Info: 05_data-driven_music_history_53_0.png  used on input l
ine 7796.
(pdftex.def)             Requested size: 469.74359pt x 229.66168pt.
<05_data-driven_music_history_56_0.png, id=773, 1012.78375pt x 627.34375pt>
File: 05_data-driven_music_history_56_0.png Graphic file (type png)
<use 05_data-driven_music_history_56_0.png>
Package pdftex.def Info: 05_data-driven_music_history_56_0.png  used on input l
ine 7843.
(pdftex.def)             Requested size: 469.74963pt x 290.97475pt.

Underfull \vbox (badness 10000) detected at line 7847
 []

[96 <./05_data-driven_music_history_53_0.png>] [97 <./05_data-driven_music_hist
ory_56_0.png>]
<05_data-driven_music_history_58_0.png, id=784, 1097.09875pt x 574.145pt>
File: 05_data-driven_music_history_58_0.png Graphic file (type png)
<use 05_data-driven_music_history_58_0.png>
Package pdftex.def Info: 05_data-driven_music_history_58_0.png  used on input l
ine 7935.
(pdftex.def)             Requested size: 469.75117pt x 245.835pt.

Underfull \vbox (badness 10000) detected at line 7939
 []

[98] [99 <./05_data-driven_music_history_58_0.png>]
<05_data-driven_music_history_61_0.png, id=795, 786.94pt x 336.25626pt>
File: 05_data-driven_music_history_61_0.png Graphic file (type png)
<use 05_data-driven_music_history_61_0.png>
Package pdftex.def Info: 05_data-driven_music_history_61_0.png  used on input l
ine 8007.
(pdftex.def)             Requested size: 469.75409pt x 200.724pt.
 [100 <./05_data-driven_music_history_61_0.png>] (./introductiontomusicalcorpus
studies.ind) [101]
(./introductiontomusicalcorpusstudies.aux)
Package rerunfilecheck Info: File `introductiontomusicalcorpusstudies.out' has 
not changed.
(rerunfilecheck)             Checksum: 623A0A74E1299ED37B5AF0CF20D98743;8729.
 ) 
Here is how much of TeX's memory you used:
 15157 strings out of 480313
 245869 string characters out of 5897497
 2493291 words of memory out of 5000000
 32450 multiletter control sequences out of 15000+600000
 467100 words of font info for 77 fonts, out of 8000000 for 9000
 15 hyphenation exceptions out of 8191
 70i,12n,76p,805b,603s stack positions out of 5000i,500n,10000p,200000b,80000s
{/home/fmoss/texmf/fonts/enc/dvips/tex-gyre/q-ts1.enc}{/usr/share/texlive/tex
mf-dist/fonts/enc/dvips/base/8r.enc}{/home/fmoss/texmf/fonts/enc/dvips/tex-gyre
/q-ec.enc}</usr/share/texlive/texmf-dist/fonts/type1/public/amsfonts/cm/cmmi10.
pfb></usr/share/texlive/texmf-dist/fonts/type1/public/amsfonts/cm/cmmi5.pfb></u
sr/share/texlive/texmf-dist/fonts/type1/public/amsfonts/cm/cmr10.pfb></usr/shar
e/texlive/texmf-dist/fonts/type1/public/amsfonts/cm/cmsy10.pfb></usr/share/texl
ive/texmf-dist/fonts/type1/public/amsfonts/cm/cmsy5.pfb></home/fmoss/texmf/font
s/type1/public/tex-gyre/qhvb.pfb></home/fmoss/texmf/fonts/type1/public/tex-gyre
/qhvbi.pfb></home/fmoss/texmf/fonts/type1/public/tex-gyre/qhvr.pfb></home/fmoss
/texmf/fonts/type1/public/tex-gyre/qtmb.pfb></home/fmoss/texmf/fonts/type1/publ
ic/tex-gyre/qtmbi.pfb></home/fmoss/texmf/fonts/type1/public/tex-gyre/qtmr.pfb><
/home/fmoss/texmf/fonts/type1/public/tex-gyre/qtmri.pfb></home/fmoss/texmf/font
s/type1/public/txfonts/t1xbtt.pfb></home/fmoss/texmf/fonts/type1/public/txfonts
/t1xtt.pfb></home/fmoss/texmf/fonts/type1/public/txfonts/t1xtt.pfb></home/fmoss
/texmf/fonts/type1/public/txfonts/tcxtt.pfb></home/fmoss/texmf/fonts/type1/urw/
times/utmr8a.pfb>
Output written on introductiontomusicalcorpusstudies.pdf (105 pages, 6840229 by
tes).
PDF statistics:
 917 PDF objects out of 1000 (max. 8388607)
 713 compressed objects within 8 object streams
 171 named destinations out of 1000 (max. 500000)
 533 words of extra memory for PDF output out of 10000 (max. 10000000)

